<?xml version="1.0" encoding="UTF-8"?>
<!-- Generated by org.testng.reporters.JUnitReportReporter -->
<testsuite hostname="Nikita" failures="0" tests="1" name="cucumberOptions.TestNGTestRunner" time="5.340" errors="0" timestamp="2024-06-16T16:05:35 IST" skipped="0">
  <testcase classname="cucumberOptions.TestNGTestRunner" name="runScenario" time="5.340"/>
</testsuite> <!-- cucumberOptions.TestNGTestRunner -->
